#
# There is insufficient memory for the Java Runtime Environment to continue.
# Native memory allocation (malloc) failed to allocate 2097152 bytes for AllocateHeap
# Possible reasons:
#   The system is out of physical RAM or swap space
#   The process is running with CompressedOops enabled, and the Java Heap may be blocking the growth of the native heap
# Possible solutions:
#   Reduce memory load on the system
#   Increase physical memory or swap space
#   Check if swap backing store is full
#   Decrease Java heap size (-Xmx/-Xms)
#   Decrease number of Java threads
#   Decrease Java thread stack sizes (-Xss)
#   Set larger code cache with -XX:ReservedCodeCacheSize=
#   JVM is running with Unscaled Compressed Oops mode in which the Java heap is
#     placed in the first 4GB address space. The Java Heap base address is the
#     maximum limit for the native heap growth. Please use -XX:HeapBaseMinAddress
#     to set the Java Heap base and to place the Java Heap above 4GB virtual address.
# This output file may be truncated or incomplete.
#
#  Out of Memory Error (allocation.cpp:44), pid=8624, tid=11412
#
# JRE version: OpenJDK Runtime Environment Temurin-17.0.6+10 (17.0.6+10) (build 17.0.6+10)
# Java VM: OpenJDK 64-Bit Server VM Temurin-17.0.6+10 (17.0.6+10, mixed mode, emulated-client, tiered, compressed oops, compressed class ptrs, g1 gc, windows-amd64)
# No core dump will be written. Minidumps are not enabled by default on client versions of Windows
#

---------------  S U M M A R Y ------------

Command Line: -XX:+HeapDumpOnOutOfMemoryError -Xmx1024m -Dsts.lsp.client=vscode -Dsts.log.file=/dev/null -XX:TieredStopAtLevel=1 -Xlog:jni+resolve=off -Dspring.config.location=file:c:\Users\new\.vscode\extensions\vmware.vscode-spring-boot-1.51.0\language-server\BOOT-INF\classes\application.properties org.springframework.ide.vscode.boot.app.BootLanguageServerBootApp

Host: Intel(R) Core(TM) i3-4005U CPU @ 1.70GHz, 4 cores, 7G,  Windows 7 , 64 bit Build 7601 (6.1.7601.23572)
Time: Sat May  4 15:26:03 2024 Egypt Standard Time elapsed time: 6317.835240 seconds (0d 1h 45m 17s)

---------------  T H R E A D  ---------------

Current thread (0x000000000aeefcc0):  VMThread "VM Thread" [stack: 0x000000000e480000,0x000000000e580000] [id=11412]

Stack: [0x000000000e480000,0x000000000e580000]
Native frames: (J=compiled Java code, j=interpreted, Vv=VM code, C=native code)
V  [jvm.dll+0x67741a]
V  [jvm.dll+0x834434]
V  [jvm.dll+0x835bde]
V  [jvm.dll+0x836243]
V  [jvm.dll+0x2457b5]
V  [jvm.dll+0xa626f]
V  [jvm.dll+0x2f5b61]
V  [jvm.dll+0x2f17e0]
V  [jvm.dll+0x2d9ee7]
V  [jvm.dll+0x31ce67]
V  [jvm.dll+0x83a6eb]
V  [jvm.dll+0x83b424]
V  [jvm.dll+0x83b93c]
V  [jvm.dll+0x83bd14]
V  [jvm.dll+0x83bde0]
V  [jvm.dll+0x7e483a]
V  [jvm.dll+0x6762c5]
C  [ucrtbase.DLL+0x1c1ae]
C  [kernel32.dll+0x159cd]
C  [ntdll.dll+0x2a561]

VM_Operation (0x00000000118be920): G1CollectFull, mode: safepoint, requested by thread 0x000000000f26ee80


---------------  P R O C E S S  ---------------

Threads class SMR info:
_java_thread_list=0x000000001041cd20, length=26, elements={
0x000000000daf0c30, 0x000000000daf17b0, 0x000000000db00930, 0x000000000db014b0,
0x000000000db28fd0, 0x000000000db2b890, 0x000000000db2c150, 0x000000000db51d60,
0x000000000f2d53e0, 0x000000000f2f02e0, 0x00000000102f5b20, 0x000000000f26ee80,
0x000000001044d550, 0x0000000000350dc0, 0x000000000f1e4560, 0x0000000011245fd0,
0x0000000011266780, 0x00000000112675c0, 0x0000000011288f40, 0x0000000011289410,
0x00000000112898e0, 0x000000001128b0f0, 0x000000001128ba90, 0x000000001128a280,
0x0000000011289db0, 0x000000001128a750
}

Java Threads: ( => current thread )
  0x000000000daf0c30 JavaThread "Reference Handler" daemon [_thread_blocked, id=10172, stack(0x000000000e6e0000,0x000000000e7e0000)]
  0x000000000daf17b0 JavaThread "Finalizer" daemon [_thread_blocked, id=16696, stack(0x000000000e960000,0x000000000ea60000)]
  0x000000000db00930 JavaThread "Signal Dispatcher" daemon [_thread_blocked, id=13560, stack(0x000000000ebb0000,0x000000000ecb0000)]
  0x000000000db014b0 JavaThread "Attach Listener" daemon [_thread_blocked, id=10732, stack(0x000000000e850000,0x000000000e950000)]
  0x000000000db28fd0 JavaThread "Service Thread" daemon [_thread_blocked, id=5832, stack(0x000000000ee00000,0x000000000ef00000)]
  0x000000000db2b890 JavaThread "Monitor Deflation Thread" daemon [_thread_blocked, id=6792, stack(0x000000000ef30000,0x000000000f030000)]
  0x000000000db2c150 JavaThread "C1 CompilerThread0" daemon [_thread_blocked, id=9720, stack(0x000000000f060000,0x000000000f160000)]
  0x000000000db51d60 JavaThread "Sweeper thread" daemon [_thread_blocked, id=7980, stack(0x000000000eaa0000,0x000000000eba0000)]
  0x000000000f2d53e0 JavaThread "Notification Thread" daemon [_thread_blocked, id=10520, stack(0x000000000f600000,0x000000000f700000)]
  0x000000000f2f02e0 JavaThread "Common-Cleaner" daemon [_thread_blocked, id=11792, stack(0x000000000f9f0000,0x000000000faf0000)]
  0x00000000102f5b20 JavaThread "boundedElastic-evictor-1" daemon [_thread_blocked, id=15492, stack(0x0000000013400000,0x0000000013500000)]
  0x000000000f26ee80 JavaThread "pool-12-thread-1" [_thread_blocked, id=16588, stack(0x00000000117c0000,0x00000000118c0000)]
  0x000000001044d550 JavaThread "LanguageServerApp-lifecycle" [_thread_blocked, id=7548, stack(0x00000000136e0000,0x00000000137e0000)]
  0x0000000000350dc0 JavaThread "DestroyJavaVM" [_thread_blocked, id=14800, stack(0x0000000002030000,0x0000000002130000)]
  0x000000000f1e4560 JavaThread "pool-13-thread-1" [_thread_in_native, id=7776, stack(0x0000000014070000,0x0000000014170000)]
  0x0000000011245fd0 JavaThread "Simple-Language-Server main thread" daemon [_thread_blocked, id=6108, stack(0x000000000fb10000,0x000000000fc10000)]
  0x0000000011266780 JavaThread "pool-8-thread-1" [_thread_blocked, id=9852, stack(0x0000000014290000,0x0000000014390000)]
  0x00000000112675c0 JavaThread "parallel-1" daemon [_thread_blocked, id=3720, stack(0x00000000143c0000,0x00000000144c0000)]
  0x0000000011288f40 JavaThread "pool-6-thread-1" [_thread_blocked, id=11072, stack(0x0000000014530000,0x0000000014630000)]
  0x0000000011289410 JavaThread "parallel-2" daemon [_thread_blocked, id=15164, stack(0x0000000014780000,0x0000000014880000)]
  0x00000000112898e0 JavaThread "parallel-3" daemon [_thread_blocked, id=13276, stack(0x00000000148b0000,0x00000000149b0000)]
  0x000000001128b0f0 JavaThread "parallel-4" daemon [_thread_blocked, id=15004, stack(0x0000000014680000,0x0000000014780000)]
  0x000000001128ba90 JavaThread "Reconciler-1" daemon [_thread_blocked, id=15112, stack(0x000000001d1b0000,0x000000001d2b0000)]
  0x000000001128a280 JavaThread "pool-5-thread-43" [_thread_blocked, id=13404, stack(0x0000000014170000,0x0000000014270000)]
  0x0000000011289db0 JavaThread "pool-4-thread-20" [_thread_blocked, id=15472, stack(0x000000000ed00000,0x000000000ee00000)]
  0x000000001128a750 JavaThread "ForkJoinPool.commonPool-worker-16" daemon [_thread_blocked, id=8332, stack(0x00000000149d0000,0x0000000014ad0000)]

Other Threads:
=>0x000000000aeefcc0 VMThread "VM Thread" [stack: 0x000000000e480000,0x000000000e580000] [id=11412]
  0x000000000f2d78b0 WatcherThread [stack: 0x000000000f830000,0x000000000f930000] [id=11504]
  0x000000000ae00db0 GCTaskThread "GC Thread#0" [stack: 0x000000000b010000,0x000000000b110000] [id=5636]
  0x000000000f55ee10 GCTaskThread "GC Thread#1" [stack: 0x0000000010540000,0x0000000010640000] [id=13332]
  0x0000000010070ce0 GCTaskThread "GC Thread#2" [stack: 0x00000000106d0000,0x00000000107d0000] [id=15396]
  0x00000000107f1f30 GCTaskThread "GC Thread#3" [stack: 0x00000000118c0000,0x00000000119c0000] [id=5968]
  0x000000000ae01ad0 ConcurrentGCThread "G1 Main Marker" [stack: 0x000000000b190000,0x000000000b290000] [id=11124]
  0x000000000038c840 ConcurrentGCThread "G1 Conc#0" [stack: 0x000000000b2f0000,0x000000000b3f0000] [id=12404]
  0x000000000ae71470 ConcurrentGCThread "G1 Refine#0" [stack: 0x000000000d780000,0x000000000d880000] [id=12396]
  0x000000000ae73210 ConcurrentGCThread "G1 Service" [stack: 0x000000000d8c0000,0x000000000d9c0000] [id=12940]

Threads with active compile tasks:

VM state: at safepoint (normal execution)

VM Mutex/Monitor currently owned by a thread:  ([mutex/lock_event])
[0x000000000032cd80] Threads_lock - owner thread: 0x000000000aeefcc0
[0x000000000032d3b0] Heap_lock - owner thread: 0x000000000f26ee80

Heap address: 0x00000000c0000000, size: 1024 MB, Compressed Oops mode: 32-bit

CDS archive(s) not mapped
Compressed class space mapped at: 0x000000013f800000-0x000000017f800000, reserved size: 1073741824
Narrow klass base: 0x0000000000000000, Narrow klass shift: 3, Narrow klass range: 0x17f800000

GC Precious Log:
 CPUs: 4 total, 4 available
 Memory: 8095M
 Large Page Support: Disabled
 NUMA Support: Disabled
 Compressed Oops: Enabled (32-bit)
 Heap Region Size: 1M
 Heap Min Capacity: 8M
 Heap Initial Capacity: 128M
 Heap Max Capacity: 1G
 Pre-touch: Disabled
 Parallel Workers: 4
 Concurrent Workers: 1
 Concurrent Refinement Workers: 4
 Periodic GC: Disabled

Heap:
 garbage-first heap   total 86016K, used 36957K [0x00000000c0000000, 0x0000000100000000)
  region size 1024K, 6 young (6144K), 0 survivors (0K)
 Metaspace       used 58639K, committed 59072K, reserved 1105920K
  class space    used 7305K, committed 7488K, reserved 1048576K

Heap Regions: E=young(eden), S=young(survivor), O=old, HS=humongous(starts), HC=humongous(continues), CS=collection set, F=free, OA=open archive, CA=closed archive, TAMS=top-at-mark-start (previous, next)
|   0|0x00000000c0000000, 0x00000000c0100000, 0x00000000c0100000|100%|HS|  |TAMS 0x00000000c0100000, 0x00000000c0000000| Untracked 
|   1|0x00000000c0100000, 0x00000000c0200000, 0x00000000c0200000|100%|HC|  |TAMS 0x00000000c0200000, 0x00000000c0100000| Untracked 
|   2|0x00000000c0200000, 0x00000000c0300000, 0x00000000c0300000|100%|HC|  |TAMS 0x00000000c0300000, 0x00000000c0200000| Untracked 
|   3|0x00000000c0300000, 0x00000000c0400000, 0x00000000c0400000|100%|HC|  |TAMS 0x00000000c0400000, 0x00000000c0300000| Untracked 
|   4|0x00000000c0400000, 0x00000000c04fffe0, 0x00000000c0500000| 99%| O|  |TAMS 0x00000000c04fffe0, 0x00000000c0400000| Untracked 
|   5|0x00000000c0500000, 0x00000000c0600000, 0x00000000c0600000|100%| O|  |TAMS 0x00000000c0600000, 0x00000000c0500000| Untracked 
|   6|0x00000000c0600000, 0x00000000c06fffb0, 0x00000000c0700000| 99%| O|  |TAMS 0x00000000c06fffb0, 0x00000000c0600000| Untracked 
|   7|0x00000000c0700000, 0x00000000c07ffff8, 0x00000000c0800000| 99%| O|  |TAMS 0x00000000c07ffff8, 0x00000000c0700000| Untracked 
|   8|0x00000000c0800000, 0x00000000c0900000, 0x00000000c0900000|100%| O|  |TAMS 0x00000000c0900000, 0x00000000c0800000| Untracked 
|   9|0x00000000c0900000, 0x00000000c0a00000, 0x00000000c0a00000|100%| O|  |TAMS 0x00000000c0a00000, 0x00000000c0900000| Untracked 
|  10|0x00000000c0a00000, 0x00000000c0b00000, 0x00000000c0b00000|100%| O|  |TAMS 0x00000000c0b00000, 0x00000000c0a00000| Untracked 
|  11|0x00000000c0b00000, 0x00000000c0c00000, 0x00000000c0c00000|100%| O|  |TAMS 0x00000000c0c00000, 0x00000000c0b00000| Untracked 
|  12|0x00000000c0c00000, 0x00000000c0cfffe8, 0x00000000c0d00000| 99%| O|  |TAMS 0x00000000c0cfffe8, 0x00000000c0c00000| Untracked 
|  13|0x00000000c0d00000, 0x00000000c0dfffa0, 0x00000000c0e00000| 99%| O|  |TAMS 0x00000000c0dfffa0, 0x00000000c0d00000| Untracked 
|  14|0x00000000c0e00000, 0x00000000c0efcbe0, 0x00000000c0f00000| 98%| O|  |TAMS 0x00000000c0efcbe0, 0x00000000c0e00000| Untracked 
|  15|0x00000000c0f00000, 0x00000000c0fffff8, 0x00000000c1000000| 99%| O|  |TAMS 0x00000000c0fffff8, 0x00000000c0f00000| Untracked 
|  16|0x00000000c1000000, 0x00000000c10fffd8, 0x00000000c1100000| 99%| O|  |TAMS 0x00000000c10fffd8, 0x00000000c1000000| Untracked 
|  17|0x00000000c1100000, 0x00000000c11fffe8, 0x00000000c1200000| 99%| O|  |TAMS 0x00000000c11fffe8, 0x00000000c1100000| Untracked 
|  18|0x00000000c1200000, 0x00000000c12ffff0, 0x00000000c1300000| 99%| O|  |TAMS 0x00000000c12ffff0, 0x00000000c1200000| Untracked 
|  19|0x00000000c1300000, 0x00000000c13fffe0, 0x00000000c1400000| 99%| O|  |TAMS 0x00000000c13fffe0, 0x00000000c1300000| Untracked 
|  20|0x00000000c1400000, 0x00000000c14ffab0, 0x00000000c1500000| 99%| O|  |TAMS 0x00000000c14ffab0, 0x00000000c1400000| Untracked 
|  21|0x00000000c1500000, 0x00000000c1600000, 0x00000000c1600000|100%| O|  |TAMS 0x00000000c1600000, 0x00000000c1500000| Untracked 
|  22|0x00000000c1600000, 0x00000000c16ffff0, 0x00000000c1700000| 99%| O|  |TAMS 0x00000000c16ffff0, 0x00000000c1600000| Untracked 
|  23|0x00000000c1700000, 0x00000000c17fe000, 0x00000000c1800000| 99%| O|  |TAMS 0x00000000c17fe000, 0x00000000c1700000| Untracked 
|  24|0x00000000c1800000, 0x00000000c18fffe0, 0x00000000c1900000| 99%| O|  |TAMS 0x00000000c18fffe0, 0x00000000c1800000| Untracked 
|  25|0x00000000c1900000, 0x00000000c19ffff8, 0x00000000c1a00000| 99%| O|  |TAMS 0x00000000c19ffff8, 0x00000000c1900000| Untracked 
|  26|0x00000000c1a00000, 0x00000000c1afff20, 0x00000000c1b00000| 99%| O|  |TAMS 0x00000000c1afff20, 0x00000000c1a00000| Untracked 
|  27|0x00000000c1b00000, 0x00000000c1bf9340, 0x00000000c1c00000| 97%| O|  |TAMS 0x00000000c1bf9340, 0x00000000c1b00000| Untracked 
|  28|0x00000000c1c00000, 0x00000000c1cff608, 0x00000000c1d00000| 99%| O|  |TAMS 0x00000000c1cff608, 0x00000000c1c00000| Untracked 
|  29|0x00000000c1d00000, 0x00000000c1d247f0, 0x00000000c1e00000| 14%| O|  |TAMS 0x00000000c1d00000, 0x00000000c1d00000| Untracked 
|  30|0x00000000c1e00000, 0x00000000c1e00000, 0x00000000c1f00000|  0%| F|  |TAMS 0x00000000c1e00000, 0x00000000c1e00000| Untracked 
|  31|0x00000000c1f00000, 0x00000000c1f00000, 0x00000000c2000000|  0%| F|  |TAMS 0x00000000c1f00000, 0x00000000c1f00000| Untracked 
|  32|0x00000000c2000000, 0x00000000c2000000, 0x00000000c2100000|  0%| F|  |TAMS 0x00000000c2000000, 0x00000000c2000000| Untracked 
|  33|0x00000000c2100000, 0x00000000c2100000, 0x00000000c2200000|  0%| F|  |TAMS 0x00000000c2100000, 0x00000000c2100000| Untracked 
|  34|0x00000000c2200000, 0x00000000c2200000, 0x00000000c2300000|  0%| F|  |TAMS 0x00000000c2200000, 0x00000000c2200000| Untracked 
|  35|0x00000000c2300000, 0x00000000c2300000, 0x00000000c2400000|  0%| F|  |TAMS 0x00000000c2300000, 0x00000000c2300000| Untracked 
|  36|0x00000000c2400000, 0x00000000c2400000, 0x00000000c2500000|  0%| F|  |TAMS 0x00000000c2400000, 0x00000000c2400000| Untracked 
|  37|0x00000000c2500000, 0x00000000c2500000, 0x00000000c2600000|  0%| F|  |TAMS 0x00000000c2500000, 0x00000000c2500000| Untracked 
|  38|0x00000000c2600000, 0x00000000c2600000, 0x00000000c2700000|  0%| F|  |TAMS 0x00000000c2600000, 0x00000000c2600000| Untracked 
|  39|0x00000000c2700000, 0x00000000c2700000, 0x00000000c2800000|  0%| F|  |TAMS 0x00000000c2700000, 0x00000000c2700000| Untracked 
|  40|0x00000000c2800000, 0x00000000c2800000, 0x00000000c2900000|  0%| F|  |TAMS 0x00000000c2800000, 0x00000000c2800000| Untracked 
|  41|0x00000000c2900000, 0x00000000c2900000, 0x00000000c2a00000|  0%| F|  |TAMS 0x00000000c2900000, 0x00000000c2900000| Untracked 
|  42|0x00000000c2a00000, 0x00000000c2a00000, 0x00000000c2b00000|  0%| F|  |TAMS 0x00000000c2a00000, 0x00000000c2a00000| Untracked 
|  43|0x00000000c2b00000, 0x00000000c2b00000, 0x00000000c2c00000|  0%| F|  |TAMS 0x00000000c2b00000, 0x00000000c2b00000| Untracked 
|  44|0x00000000c2c00000, 0x00000000c2c00000, 0x00000000c2d00000|  0%| F|  |TAMS 0x00000000c2c00000, 0x00000000c2c00000| Untracked 
|  45|0x00000000c2d00000, 0x00000000c2d00000, 0x00000000c2e00000|  0%| F|  |TAMS 0x00000000c2d00000, 0x00000000c2d00000| Untracked 
|  46|0x00000000c2e00000, 0x00000000c2e00000, 0x00000000c2f00000|  0%| F|  |TAMS 0x00000000c2e00000, 0x00000000c2e00000| Untracked 
|  47|0x00000000c2f00000, 0x00000000c2f00000, 0x00000000c3000000|  0%| F|  |TAMS 0x00000000c2f00000, 0x00000000c2f00000| Untracked 
|  48|0x00000000c3000000, 0x00000000c3000000, 0x00000000c3100000|  0%| F|  |TAMS 0x00000000c3000000, 0x00000000c3000000| Untracked 
|  49|0x00000000c3100000, 0x00000000c3100000, 0x00000000c3200000|  0%| F|  |TAMS 0x00000000c3100000, 0x00000000c3100000| Untracked 
|  50|0x00000000c3200000, 0x00000000c3200000, 0x00000000c3300000|  0%| F|  |TAMS 0x00000000c3200000, 0x00000000c3200000| Untracked 
|  51|0x00000000c3300000, 0x00000000c3300000, 0x00000000c3400000|  0%| F|  |TAMS 0x00000000c3300000, 0x00000000c3300000| Untracked 
|  52|0x00000000c3400000, 0x00000000c3400000, 0x00000000c3500000|  0%| F|  |TAMS 0x00000000c3400000, 0x00000000c3400000| Untracked 
|  53|0x00000000c3500000, 0x00000000c3500000, 0x00000000c3600000|  0%| F|  |TAMS 0x00000000c3500000, 0x00000000c3500000| Untracked 
|  54|0x00000000c3600000, 0x00000000c3600000, 0x00000000c3700000|  0%| F|  |TAMS 0x00000000c3600000, 0x00000000c3600000| Untracked 
|  55|0x00000000c3700000, 0x00000000c3700000, 0x00000000c3800000|  0%| F|  |TAMS 0x00000000c3700000, 0x00000000c3700000| Untracked 
|  56|0x00000000c3800000, 0x00000000c3800000, 0x00000000c3900000|  0%| F|  |TAMS 0x00000000c3800000, 0x00000000c3800000| Untracked 
|  57|0x00000000c3900000, 0x00000000c3900000, 0x00000000c3a00000|  0%| F|  |TAMS 0x00000000c3900000, 0x00000000c3900000| Untracked 
|  58|0x00000000c3a00000, 0x00000000c3a00000, 0x00000000c3b00000|  0%| F|  |TAMS 0x00000000c3a00000, 0x00000000c3a00000| Untracked 
|  59|0x00000000c3b00000, 0x00000000c3b00000, 0x00000000c3c00000|  0%| F|  |TAMS 0x00000000c3b00000, 0x00000000c3b00000| Untracked 
|  60|0x00000000c3c00000, 0x00000000c3c00000, 0x00000000c3d00000|  0%| F|  |TAMS 0x00000000c3c00000, 0x00000000c3c00000| Untracked 
|  61|0x00000000c3d00000, 0x00000000c3d00000, 0x00000000c3e00000|  0%| F|  |TAMS 0x00000000c3d00000, 0x00000000c3d00000| Untracked 
|  62|0x00000000c3e00000, 0x00000000c3e00000, 0x00000000c3f00000|  0%| F|  |TAMS 0x00000000c3e00000, 0x00000000c3e00000| Untracked 
|  63|0x00000000c3f00000, 0x00000000c3f00000, 0x00000000c4000000|  0%| F|  |TAMS 0x00000000c3f00000, 0x00000000c3f00000| Untracked 
|  64|0x00000000c4000000, 0x00000000c4000000, 0x00000000c4100000|  0%| F|  |TAMS 0x00000000c4000000, 0x00000000c4000000| Untracked 
|  65|0x00000000c4100000, 0x00000000c4100000, 0x00000000c4200000|  0%| F|  |TAMS 0x00000000c4100000, 0x00000000c4100000| Untracked 
|  66|0x00000000c4200000, 0x00000000c4200000, 0x00000000c4300000|  0%| F|  |TAMS 0x00000000c4200000, 0x00000000c4200000| Untracked 
|  67|0x00000000c4300000, 0x00000000c4300000, 0x00000000c4400000|  0%| F|  |TAMS 0x00000000c4300000, 0x00000000c4300000| Untracked 
|  68|0x00000000c4400000, 0x00000000c4400000, 0x00000000c4500000|  0%| F|  |TAMS 0x00000000c4400000, 0x00000000c4400000| Untracked 
|  69|0x00000000c4500000, 0x00000000c4500000, 0x00000000c4600000|  0%| F|  |TAMS 0x00000000c4500000, 0x00000000c4500000| Untracked 
|  70|0x00000000c4600000, 0x00000000c4600000, 0x00000000c4700000|  0%| F|  |TAMS 0x00000000c4600000, 0x00000000c4600000| Untracked 
|  71|0x00000000c4700000, 0x00000000c4700000, 0x00000000c4800000|  0%| F|  |TAMS 0x00000000c4700000, 0x00000000c4700000| Untracked 
|  72|0x00000000c4800000, 0x00000000c4800000, 0x00000000c4900000|  0%| F|  |TAMS 0x00000000c4800000, 0x00000000c4800000| Untracked 
|  73|0x00000000c4900000, 0x00000000c4900000, 0x00000000c4a00000|  0%| F|  |TAMS 0x00000000c4900000, 0x00000000c4900000| Untracked 
|  74|0x00000000c4a00000, 0x00000000c4a00000, 0x00000000c4b00000|  0%| F|  |TAMS 0x00000000c4a00000, 0x00000000c4a00000| Untracked 
|  75|0x00000000c4b00000, 0x00000000c4b00000, 0x00000000c4c00000|  0%| F|  |TAMS 0x00000000c4b00000, 0x00000000c4b00000| Untracked 
|  76|0x00000000c4c00000, 0x00000000c4cd2638, 0x00000000c4d00000| 82%| E|  |TAMS 0x00000000c4c00000, 0x00000000c4c00000| Complete 
|  83|0x00000000c5300000, 0x00000000c5400000, 0x00000000c5400000|100%| E|CS|TAMS 0x00000000c5300000, 0x00000000c5300000| Complete 
|  84|0x00000000c5400000, 0x00000000c5500000, 0x00000000c5500000|100%| E|CS|TAMS 0x00000000c5400000, 0x00000000c5400000| Complete 
|  85|0x00000000c5500000, 0x00000000c5600000, 0x00000000c5600000|100%| E|CS|TAMS 0x00000000c5500000, 0x00000000c5500000| Complete 
|  86|0x00000000c5600000, 0x00000000c5700000, 0x00000000c5700000|100%| E|CS|TAMS 0x00000000c5600000, 0x00000000c5600000| Complete 
|  87|0x00000000c5700000, 0x00000000c5800000, 0x00000000c5800000|100%| O|  |TAMS 0x00000000c5800000, 0x00000000c5700000| Untracked 
| 126|0x00000000c7e00000, 0x00000000c7f00000, 0x00000000c7f00000|100%| O|  |TAMS 0x00000000c7f00000, 0x00000000c7e00000| Untracked 
| 127|0x00000000c7f00000, 0x00000000c8000000, 0x00000000c8000000|100%| E|CS|TAMS 0x00000000c7f00000, 0x00000000c7f00000| Complete 

Card table byte_map: [0x00000000089f0000,0x0000000008bf0000] _byte_map_base: 0x00000000083f0000

Marking Bits (Prev, Next): (CMBitMap*) 0x000000000ae011d0, (CMBitMap*) 0x000000000ae01210
 Prev Bits: [0x0000000008df0000, 0x0000000009df0000)
 Next Bits: [0x0000000009df0000, 0x000000000adf0000)

Polling page: 0x0000000000250000

Metaspace:

Usage:
  Non-class:     50.13 MB used.
      Class:      7.13 MB used.
       Both:     57.26 MB used.

Virtual space:
  Non-class space:       56.00 MB reserved,      50.38 MB ( 90%) committed,  7 nodes.
      Class space:        1.00 GB reserved,       7.31 MB ( <1%) committed,  1 nodes.
             Both:        1.05 GB reserved,      57.69 MB (  5%) committed. 

Chunk freelists:
   Non-Class:  1.21 MB
       Class:  662.00 KB
        Both:  1.86 MB

MaxMetaspaceSize: unlimited
CompressedClassSpaceSize: 1.00 GB
Initial GC threshold: 21.00 MB
Current GC threshold: 96.25 MB
CDS: off
MetaspaceReclaimPolicy: balanced
 - commit_granule_bytes: 65536.
 - commit_granule_words: 8192.
 - virtual_space_node_default_size: 1048576.
 - enlarge_chunks_in_place: 1.
 - new_chunks_are_fully_committed: 0.
 - uncommit_free_chunks: 1.
 - use_allocation_guard: 0.
 - handle_deallocations: 1.


Internal statistics:

num_allocs_failed_limit: 10.
num_arena_births: 890.
num_arena_deaths: 406.
num_vsnodes_births: 8.
num_vsnodes_deaths: 0.
num_space_committed: 926.
num_space_uncommitted: 3.
num_chunks_returned_to_freelist: 521.
num_chunks_taken_from_freelist: 2927.
num_chunk_merges: 175.
num_chunk_splits: 1851.
num_chunks_enlarged: 1320.
num_purges: 34.
num_inconsistent_stats: 0.

CodeCache: size=49152Kb used=18492Kb max_used=18853Kb free=30659Kb
 bounds [0x00000000054c0000, 0x00000000067b0000, 0x00000000084c0000]
 total_blobs=10272 nmethods=9601 adapters=597
 compilation: enabled
              stopped_count=0, restarted_count=0
 full_count=0

Compilation events (20 events):
Event: 4770.437 Thread 0x000000000db2c150 9736       1       java.lang.invoke.LambdaForm$DMH/0x000000013ff34c00::newInvokeSpecial (23 bytes)
Event: 4770.437 Thread 0x000000000db2c150 nmethod 9736 0x00000000066ca390 code [0x00000000066ca540, 0x00000000066ca6c8]
Event: 4770.437 Thread 0x000000000db2c150 9737       1       java.lang.ProcessImpl$$Lambda$997/0x000000013fea31a0::<init> (10 bytes)
Event: 4770.437 Thread 0x000000000db2c150 nmethod 9737 0x00000000066ca090 code [0x00000000066ca220, 0x00000000066ca2f8]
Event: 4770.474 Thread 0x000000000db2c150 9738   !   1       java.io.FilterOutputStream::close (183 bytes)
Event: 4770.475 Thread 0x000000000db2c150 nmethod 9738 0x00000000066c9310 code [0x00000000066c9520, 0x00000000066c99f8]
Event: 4770.533 Thread 0x000000000db2c150 9740       1       java.lang.ProcessImpl$$Lambda$997/0x000000013fea31a0::run (8 bytes)
Event: 4770.533 Thread 0x000000000db2c150 nmethod 9740 0x00000000066c8c10 code [0x00000000066c8da0, 0x00000000066c8e88]
Event: 4770.533 Thread 0x000000000db2c150 9741       1       java.lang.ProcessImpl::lambda$new$0 (6 bytes)
Event: 4770.533 Thread 0x000000000db2c150 nmethod 9741 0x00000000066c8910 code [0x00000000066c8aa0, 0x00000000066c8b68]
Event: 6068.051 Thread 0x000000000db2c150 9744       1       java.lang.ProcessImpl$2::run (242 bytes)
Event: 6068.056 Thread 0x000000000db2c150 nmethod 9744 0x00000000066c6a90 code [0x00000000066c6d40, 0x00000000066c7ad8]
Event: 6068.056 Thread 0x000000000db2c150 9745       1       java.io.BufferedOutputStream::<init> (9 bytes)
Event: 6068.057 Thread 0x000000000db2c150 nmethod 9745 0x00000000066c6510 code [0x00000000066c66a0, 0x00000000066c6978]
Event: 6068.057 Thread 0x000000000db2c150 9746       1       java.lang.ProcessImpl::waitFor (136 bytes)
Event: 6068.058 Thread 0x000000000db2c150 nmethod 9746 0x00000000066c5c90 code [0x00000000066c5ea0, 0x00000000066c62b8]
Event: 6279.895 Thread 0x000000000db2c150 9748       1       org.eclipse.jdt.internal.compiler.classfmt.InnerClassInfo::getEnclosingTypeName (73 bytes)
Event: 6279.896 Thread 0x000000000db2c150 nmethod 9748 0x00000000066c5690 code [0x00000000066c5840, 0x00000000066c5ac8]
Event: 6279.897 Thread 0x000000000db2c150 9749       1       org.eclipse.jdt.internal.compiler.lookup.ParameterizedGenericMethodBinding::<init> (510 bytes)
Event: 6279.901 Thread 0x000000000db2c150 nmethod 9749 0x00000000066c3990 code [0x00000000066c3c80, 0x00000000066c4e18]

GC Heap History (20 events):
Event: 6160.988 GC heap before
{Heap before GC invocations=509 (full 392):
 garbage-first heap   total 86016K, used 31837K [0x00000000c0000000, 0x0000000100000000)
  region size 1024K, 1 young (1024K), 0 survivors (0K)
 Metaspace       used 58639K, committed 59072K, reserved 1105920K
  class space    used 7305K, committed 7488K, reserved 1048576K
}
Event: 6161.059 GC heap after
{Heap after GC invocations=510 (full 393):
 garbage-first heap   total 86016K, used 31837K [0x00000000c0000000, 0x0000000100000000)
  region size 1024K, 0 young (0K), 0 survivors (0K)
 Metaspace       used 58639K, committed 59072K, reserved 1105920K
  class space    used 7305K, committed 7488K, reserved 1048576K
}
Event: 6171.111 GC heap before
{Heap before GC invocations=510 (full 393):
 garbage-first heap   total 86016K, used 31837K [0x00000000c0000000, 0x0000000100000000)
  region size 1024K, 1 young (1024K), 0 survivors (0K)
 Metaspace       used 58639K, committed 59072K, reserved 1105920K
  class space    used 7305K, committed 7488K, reserved 1048576K
}
Event: 6171.175 GC heap after
{Heap after GC invocations=511 (full 394):
 garbage-first heap   total 86016K, used 31837K [0x00000000c0000000, 0x0000000100000000)
  region size 1024K, 0 young (0K), 0 survivors (0K)
 Metaspace       used 58639K, committed 59072K, reserved 1105920K
  class space    used 7305K, committed 7488K, reserved 1048576K
}
Event: 6181.234 GC heap before
{Heap before GC invocations=511 (full 394):
 garbage-first heap   total 86016K, used 31837K [0x00000000c0000000, 0x0000000100000000)
  region size 1024K, 1 young (1024K), 0 survivors (0K)
 Metaspace       used 58639K, committed 59072K, reserved 1105920K
  class space    used 7305K, committed 7488K, reserved 1048576K
}
Event: 6181.296 GC heap after
{Heap after GC invocations=512 (full 395):
 garbage-first heap   total 86016K, used 31837K [0x00000000c0000000, 0x0000000100000000)
  region size 1024K, 0 young (0K), 0 survivors (0K)
 Metaspace       used 58639K, committed 59072K, reserved 1105920K
  class space    used 7305K, committed 7488K, reserved 1048576K
}
Event: 6191.345 GC heap before
{Heap before GC invocations=512 (full 395):
 garbage-first heap   total 86016K, used 31837K [0x00000000c0000000, 0x0000000100000000)
  region size 1024K, 1 young (1024K), 0 survivors (0K)
 Metaspace       used 58639K, committed 59072K, reserved 1105920K
  class space    used 7305K, committed 7488K, reserved 1048576K
}
Event: 6191.417 GC heap after
{Heap after GC invocations=513 (full 396):
 garbage-first heap   total 86016K, used 31837K [0x00000000c0000000, 0x0000000100000000)
  region size 1024K, 0 young (0K), 0 survivors (0K)
 Metaspace       used 58639K, committed 59072K, reserved 1105920K
  class space    used 7305K, committed 7488K, reserved 1048576K
}
Event: 6201.478 GC heap before
{Heap before GC invocations=513 (full 396):
 garbage-first heap   total 86016K, used 31837K [0x00000000c0000000, 0x0000000100000000)
  region size 1024K, 1 young (1024K), 0 survivors (0K)
 Metaspace       used 58639K, committed 59072K, reserved 1105920K
  class space    used 7305K, committed 7488K, reserved 1048576K
}
Event: 6201.535 GC heap after
{Heap after GC invocations=514 (full 397):
 garbage-first heap   total 86016K, used 31837K [0x00000000c0000000, 0x0000000100000000)
  region size 1024K, 0 young (0K), 0 survivors (0K)
 Metaspace       used 58639K, committed 59072K, reserved 1105920K
  class space    used 7305K, committed 7488K, reserved 1048576K
}
Event: 6211.592 GC heap before
{Heap before GC invocations=514 (full 397):
 garbage-first heap   total 86016K, used 31837K [0x00000000c0000000, 0x0000000100000000)
  region size 1024K, 1 young (1024K), 0 survivors (0K)
 Metaspace       used 58639K, committed 59072K, reserved 1105920K
  class space    used 7305K, committed 7488K, reserved 1048576K
}
Event: 6211.650 GC heap after
{Heap after GC invocations=515 (full 398):
 garbage-first heap   total 86016K, used 31837K [0x00000000c0000000, 0x0000000100000000)
  region size 1024K, 0 young (0K), 0 survivors (0K)
 Metaspace       used 58639K, committed 59072K, reserved 1105920K
  class space    used 7305K, committed 7488K, reserved 1048576K
}
Event: 6221.779 GC heap before
{Heap before GC invocations=515 (full 398):
 garbage-first heap   total 86016K, used 31837K [0x00000000c0000000, 0x0000000100000000)
  region size 1024K, 1 young (1024K), 0 survivors (0K)
 Metaspace       used 58639K, committed 59072K, reserved 1105920K
  class space    used 7305K, committed 7488K, reserved 1048576K
}
Event: 6221.871 GC heap after
{Heap after GC invocations=516 (full 399):
 garbage-first heap   total 86016K, used 31837K [0x00000000c0000000, 0x0000000100000000)
  region size 1024K, 0 young (0K), 0 survivors (0K)
 Metaspace       used 58639K, committed 59072K, reserved 1105920K
  class space    used 7305K, committed 7488K, reserved 1048576K
}
Event: 6231.934 GC heap before
{Heap before GC invocations=516 (full 399):
 garbage-first heap   total 86016K, used 31837K [0x00000000c0000000, 0x0000000100000000)
  region size 1024K, 1 young (1024K), 0 survivors (0K)
 Metaspace       used 58639K, committed 59072K, reserved 1105920K
  class space    used 7305K, committed 7488K, reserved 1048576K
}
Event: 6231.994 GC heap after
{Heap after GC invocations=517 (full 400):
 garbage-first heap   total 86016K, used 31837K [0x00000000c0000000, 0x0000000100000000)
  region size 1024K, 0 young (0K), 0 survivors (0K)
 Metaspace       used 58639K, committed 59072K, reserved 1105920K
  class space    used 7305K, committed 7488K, reserved 1048576K
}
Event: 6242.034 GC heap before
{Heap before GC invocations=517 (full 400):
 garbage-first heap   total 86016K, used 31837K [0x00000000c0000000, 0x0000000100000000)
  region size 1024K, 1 young (1024K), 0 survivors (0K)
 Metaspace       used 58639K, committed 59072K, reserved 1105920K
  class space    used 7305K, committed 7488K, reserved 1048576K
}
Event: 6242.089 GC heap after
{Heap after GC invocations=518 (full 401):
 garbage-first heap   total 86016K, used 31837K [0x00000000c0000000, 0x0000000100000000)
  region size 1024K, 0 young (0K), 0 survivors (0K)
 Metaspace       used 58639K, committed 59072K, reserved 1105920K
  class space    used 7305K, committed 7488K, reserved 1048576K
}
Event: 6252.154 GC heap before
{Heap before GC invocations=518 (full 401):
 garbage-first heap   total 86016K, used 31837K [0x00000000c0000000, 0x0000000100000000)
  region size 1024K, 1 young (1024K), 0 survivors (0K)
 Metaspace       used 58639K, committed 59072K, reserved 1105920K
  class space    used 7305K, committed 7488K, reserved 1048576K
}
Event: 6252.211 GC heap after
{Heap after GC invocations=519 (full 402):
 garbage-first heap   total 86016K, used 31837K [0x00000000c0000000, 0x0000000100000000)
  region size 1024K, 0 young (0K), 0 survivors (0K)
 Metaspace       used 58639K, committed 59072K, reserved 1105920K
  class space    used 7305K, committed 7488K, reserved 1048576K
}

Dll operation events (9 events):
Event: 0.011 Loaded shared library c:\Users\new\.vscode\extensions\redhat.java-1.15.0-win32-x64\jre\17.0.6-win32-x86_64\bin\java.dll
Event: 0.733 Loaded shared library C:\Users\new\.vscode\extensions\redhat.java-1.15.0-win32-x64\jre\17.0.6-win32-x86_64\bin\net.dll
Event: 0.737 Loaded shared library C:\Users\new\.vscode\extensions\redhat.java-1.15.0-win32-x64\jre\17.0.6-win32-x86_64\bin\nio.dll
Event: 0.754 Loaded shared library C:\Users\new\.vscode\extensions\redhat.java-1.15.0-win32-x64\jre\17.0.6-win32-x86_64\bin\zip.dll
Event: 1.440 Loaded shared library C:\Users\new\.vscode\extensions\redhat.java-1.15.0-win32-x64\jre\17.0.6-win32-x86_64\bin\jimage.dll
Event: 5.668 Loaded shared library c:\Users\new\.vscode\extensions\redhat.java-1.15.0-win32-x64\jre\17.0.6-win32-x86_64\bin\verify.dll
Event: 6.159 Loaded shared library C:\Users\new\.vscode\extensions\redhat.java-1.15.0-win32-x64\jre\17.0.6-win32-x86_64\bin\management.dll
Event: 6.162 Loaded shared library C:\Users\new\.vscode\extensions\redhat.java-1.15.0-win32-x64\jre\17.0.6-win32-x86_64\bin\management_ext.dll
Event: 7.638 Loaded shared library C:\Users\new\.vscode\extensions\redhat.java-1.15.0-win32-x64\jre\17.0.6-win32-x86_64\bin\sunmscapi.dll

Deoptimization events (20 events):
Event: 237.502 Thread 0x0000000011289db0 DEOPT PACKING pc=0x00000000060616cf sp=0x0000000011b1d8f0
Event: 237.502 Thread 0x0000000011289db0 DEOPT UNPACKING pc=0x0000000005517143 sp=0x0000000011b1cde0 mode 3
Event: 444.976 Thread 0x000000001128ac20 DEOPT PACKING pc=0x00000000058f7bb6 sp=0x0000000011bcd1c0
Event: 444.976 Thread 0x000000001128ac20 DEOPT UNPACKING pc=0x0000000005517143 sp=0x0000000011bcc6b8 mode 3
Event: 458.925 Thread 0x0000000011289db0 DEOPT PACKING pc=0x00000000061b1820 sp=0x0000000011abd330
Event: 458.925 Thread 0x0000000011289db0 DEOPT UNPACKING pc=0x0000000005517143 sp=0x0000000011abc7b0 mode 3
Event: 921.053 Thread 0x0000000011288f40 DEOPT PACKING pc=0x000000000623dd8f sp=0x000000001462ed60
Event: 921.053 Thread 0x0000000011288f40 DEOPT UNPACKING pc=0x0000000005517143 sp=0x000000001462e2b0 mode 3
Event: 1677.507 Thread 0x000000001128ac20 DEOPT PACKING pc=0x00000000063be9b9 sp=0x000000000edbe7a0
Event: 1677.507 Thread 0x000000001128ac20 DEOPT UNPACKING pc=0x0000000005517143 sp=0x000000000edbdc40 mode 3
Event: 2857.096 Thread 0x000000001128c900 DEOPT PACKING pc=0x000000000654ff2b sp=0x0000000011b9e520
Event: 2857.096 Thread 0x000000001128c900 DEOPT UNPACKING pc=0x0000000005517143 sp=0x0000000011b9da38 mode 3
Event: 2959.824 Thread 0x0000000011288f40 DEOPT PACKING pc=0x0000000005956318 sp=0x000000001462ea40
Event: 2959.824 Thread 0x0000000011288f40 DEOPT UNPACKING pc=0x0000000005517143 sp=0x000000001462df30 mode 3
Event: 2971.798 Thread 0x000000001128c900 DEOPT PACKING pc=0x0000000005a4ba51 sp=0x0000000011b9ecd0
Event: 2971.798 Thread 0x000000001128c900 DEOPT UNPACKING pc=0x0000000005517143 sp=0x0000000011b9e1b8 mode 3
Event: 3151.677 Thread 0x000000001128c900 DEOPT PACKING pc=0x00000000064ee8bb sp=0x0000000011b9ec60
Event: 3151.677 Thread 0x000000001128c900 DEOPT UNPACKING pc=0x0000000005517143 sp=0x0000000011b9e130 mode 3
Event: 3472.598 Thread 0x000000001128c900 DEOPT PACKING pc=0x0000000005f55119 sp=0x0000000014dee330
Event: 3472.598 Thread 0x000000001128c900 DEOPT UNPACKING pc=0x0000000005517143 sp=0x0000000014ded8c0 mode 3

Classes unloaded (20 events):
Event: 3316.599 Thread 0x000000000aeefcc0 Unloading class 0x000000013ff44400 'jdk/internal/reflect/GeneratedMethodAccessor52'
Event: 3316.599 Thread 0x000000000aeefcc0 Unloading class 0x000000013ff47c00 'jdk/internal/reflect/GeneratedMethodAccessor51'
Event: 3316.599 Thread 0x000000000aeefcc0 Unloading class 0x000000013ff4d000 'jdk/internal/reflect/GeneratedMethodAccessor50'
Event: 3707.332 Thread 0x000000000aeefcc0 Unloading class 0x000000013ff44800 'java/lang/invoke/LambdaForm$MH+0x000000013ff44800'
Event: 3707.332 Thread 0x000000000aeefcc0 Unloading class 0x000000013ff50400 'java/lang/invoke/LambdaForm$MH+0x000000013ff50400'
Event: 3707.332 Thread 0x000000000aeefcc0 Unloading class 0x000000013ff4d000 'java/lang/invoke/LambdaForm$MH+0x000000013ff4d000'
Event: 3707.332 Thread 0x000000000aeefcc0 Unloading class 0x000000013ff47c00 'java/lang/invoke/LambdaForm$MH+0x000000013ff47c00'
Event: 3707.332 Thread 0x000000000aeefcc0 Unloading class 0x000000013ff44400 'java/lang/invoke/LambdaForm$MH+0x000000013ff44400'
Event: 3707.332 Thread 0x000000000aeefcc0 Unloading class 0x000000013ff46c00 'java/lang/invoke/LambdaForm$MH+0x000000013ff46c00'
Event: 3717.446 Thread 0x000000000aeefcc0 Unloading class 0x000000013ff5e800 'jdk/internal/reflect/GeneratedConstructorAccessor78'
Event: 3717.446 Thread 0x000000000aeefcc0 Unloading class 0x000000013ff5e400 'jdk/internal/reflect/GeneratedMethodAccessor61'
Event: 3717.446 Thread 0x000000000aeefcc0 Unloading class 0x000000013ff5e000 'jdk/internal/reflect/GeneratedConstructorAccessor77'
Event: 3717.446 Thread 0x000000000aeefcc0 Unloading class 0x000000013ff5dc00 'jdk/internal/reflect/GeneratedConstructorAccessor76'
Event: 3717.446 Thread 0x000000000aeefcc0 Unloading class 0x000000013ff5d800 'jdk/internal/reflect/GeneratedMethodAccessor60'
Event: 3717.446 Thread 0x000000000aeefcc0 Unloading class 0x000000013ff5d400 'jdk/internal/reflect/GeneratedConstructorAccessor75'
Event: 3717.446 Thread 0x000000000aeefcc0 Unloading class 0x000000013ff5d000 'jdk/internal/reflect/GeneratedMethodAccessor59'
Event: 3717.446 Thread 0x000000000aeefcc0 Unloading class 0x000000013ff5cc00 'jdk/internal/reflect/GeneratedConstructorAccessor74'
Event: 3717.446 Thread 0x000000000aeefcc0 Unloading class 0x000000013ff5c800 'jdk/internal/reflect/GeneratedMethodAccessor58'
Event: 3717.446 Thread 0x000000000aeefcc0 Unloading class 0x000000013ff5c400 'jdk/internal/reflect/GeneratedMethodAccessor57'
Event: 3717.446 Thread 0x000000000aeefcc0 Unloading class 0x000000013ff5c000 'jdk/internal/reflect/GeneratedMethodAccessor56'

Classes redefined (0 events):
No events

Internal exceptions (20 events):
Event: 152.627 Thread 0x000000001dc94640 Implicit null exception at 0x0000000005fe5d77 to 0x0000000005fe6ebb
Event: 237.502 Thread 0x0000000011289db0 Implicit null exception at 0x0000000006061110 to 0x00000000060616ca
Event: 309.123 Thread 0x000000001128c900 Exception <a 'java/io/IOException'{0x00000000c7f19528}> (0x00000000c7f19528) 
thrown [s\src\hotspot\share\prims\jni.cpp, line 516]
Event: 309.554 Thread 0x000000001dc92960 Exception <a 'java/io/IOException'{0x00000000c7f24958}> (0x00000000c7f24958) 
thrown [s\src\hotspot\share\prims\jni.cpp, line 516]
Event: 310.150 Thread 0x000000001dc93ca0 Exception <a 'java/io/IOException'{0x00000000c7f3a708}> (0x00000000c7f3a708) 
thrown [s\src\hotspot\share\prims\jni.cpp, line 516]
Event: 444.976 Thread 0x000000001128ac20 Implicit null exception at 0x00000000058f7062 to 0x00000000058f7bb1
Event: 458.925 Thread 0x0000000011289db0 Implicit null exception at 0x00000000061b15da to 0x00000000061b181b
Event: 921.053 Thread 0x0000000011288f40 Implicit null exception at 0x000000000623d684 to 0x000000000623dd8a
Event: 1677.507 Thread 0x000000001128ac20 Implicit null exception at 0x00000000063be735 to 0x00000000063be9b4
Event: 2259.099 Thread 0x000000001128a750 Implicit null exception at 0x0000000005e9dd86 to 0x0000000005e9de08
Event: 2259.099 Thread 0x000000001128a750 Exception <a 'java/lang/NullPointerException'{0x00000000c3c3f048}> (0x00000000c3c3f048) 
thrown [s\src\hotspot\share\runtime\sharedRuntime.cpp, line 628]
Event: 2857.096 Thread 0x000000001128c900 Implicit null exception at 0x000000000654f655 to 0x000000000654ff26
Event: 2959.824 Thread 0x0000000011288f40 Implicit null exception at 0x0000000005955fba to 0x0000000005956313
Event: 2971.798 Thread 0x000000001128c900 Implicit null exception at 0x0000000005a4b85a to 0x0000000005a4ba4c
Event: 3151.677 Thread 0x000000001128c900 Implicit null exception at 0x00000000064ed604 to 0x00000000064ee8b6
Event: 3472.598 Thread 0x000000001128c900 Implicit null exception at 0x0000000005f538c6 to 0x0000000005f55114
Event: 3561.532 Thread 0x000000001128c900 NullPointerException in IC check 0x0000000005fa2fc0
Event: 3561.532 Thread 0x000000001128c900 Exception <a 'java/lang/NullPointerException'{0x00000000c3c307e8}> (0x00000000c3c307e8) 
thrown [s\src\hotspot\share\runtime\sharedRuntime.cpp, line 628]
Event: 3561.535 Thread 0x000000001128c900 Implicit null exception at 0x00000000065d416d to 0x00000000065d4674
Event: 3561.535 Thread 0x000000001128c900 Exception <a 'java/lang/NullPointerException'{0x00000000c3c47f80}> (0x00000000c3c47f80) 
thrown [s\src\hotspot\share\runtime\sharedRuntime.cpp, line 628]

VM Operations (20 events):
Event: 6171.175 Executing VM operation: G1CollectFull done
Event: 6181.234 Executing VM operation: G1CollectFull
Event: 6181.296 Executing VM operation: G1CollectFull done
Event: 6191.344 Executing VM operation: G1CollectFull
Event: 6191.418 Executing VM operation: G1CollectFull done
Event: 6201.478 Executing VM operation: G1CollectFull
Event: 6201.535 Executing VM operation: G1CollectFull done
Event: 6211.592 Executing VM operation: G1CollectFull
Event: 6211.651 Executing VM operation: G1CollectFull done
Event: 6221.779 Executing VM operation: G1CollectFull
Event: 6221.871 Executing VM operation: G1CollectFull done
Event: 6231.934 Executing VM operation: G1CollectFull
Event: 6231.994 Executing VM operation: G1CollectFull done
Event: 6242.034 Executing VM operation: G1CollectFull
Event: 6242.090 Executing VM operation: G1CollectFull done
Event: 6252.154 Executing VM operation: G1CollectFull
Event: 6252.211 Executing VM operation: G1CollectFull done
Event: 6280.212 Executing VM operation: Cleanup
Event: 6280.212 Executing VM operation: Cleanup done
Event: 6312.273 Executing VM operation: G1CollectFull

Events (20 events):
Event: 3481.893 Thread 0x000000001128a750 Thread added: 0x000000001128a750
Event: 3561.532 loading class java/lang/Throwable$WrappedPrintWriter
Event: 3561.533 loading class java/lang/Throwable$WrappedPrintWriter done
Event: 3561.534 loading class java/text/MessageFormat$Field
Event: 3561.534 loading class java/text/MessageFormat$Field done
Event: 3571.320 Thread 0x0000000010288c60 Thread added: 0x0000000010288c60
Event: 3576.328 Thread 0x0000000010288c60 Thread exited: 0x0000000010288c60
Event: 3596.071 Thread 0x000000001128bf60 Thread exited: 0x000000001128bf60
Event: 3650.173 Thread 0x000000001128ac20 Thread exited: 0x000000001128ac20
Event: 3671.621 Thread 0x000000001128c900 Thread exited: 0x000000001128c900
Event: 3671.755 Thread 0x000000001128a750 Thread exited: 0x000000001128a750
Event: 3696.226 Thread 0x000000001128a280 Thread exited: 0x000000001128a280
Event: 3719.499 Thread 0x000000001128a280 Thread added: 0x000000001128a280
Event: 3719.502 Thread 0x000000001128a750 Thread added: 0x000000001128a750
Event: 3779.581 Thread 0x000000001128a750 Thread exited: 0x000000001128a750
Event: 3782.871 Thread 0x0000000011289db0 Thread exited: 0x0000000011289db0
Event: 3782.877 Thread 0x000000001128a280 Thread exited: 0x000000001128a280
Event: 6260.304 Thread 0x000000001128a280 Thread added: 0x000000001128a280
Event: 6260.311 Thread 0x0000000011289db0 Thread added: 0x0000000011289db0
Event: 6272.693 Thread 0x000000001128a750 Thread added: 0x000000001128a750


Dynamic libraries:
0x000000013f410000 - 0x000000013f41e000 	c:\Users\new\.vscode\extensions\redhat.java-1.15.0-win32-x64\jre\17.0.6-win32-x86_64\bin\java.exe
0x00000000774a0000 - 0x000000007764a000 	C:\Windows\SYSTEM32\ntdll.dll
0x000007fed69b0000 - 0x000007fed69c9000 	C:\Program Files\AVAST Software\Avast\aswhook.dll
0x0000000077280000 - 0x000000007739f000 	C:\Windows\system32\kernel32.dll
0x000007fefd4f0000 - 0x000007fefd55a000 	C:\Windows\system32\KERNELBASE.dll
0x000007fef8200000 - 0x000007fef8217000 	c:\Users\new\.vscode\extensions\redhat.java-1.15.0-win32-x64\jre\17.0.6-win32-x86_64\bin\jli.dll
0x000007fefbab0000 - 0x000007fefbca4000 	C:\Windows\WinSxS\amd64_microsoft.windows.common-controls_6595b64144ccf1df_6.0.7601.18837_none_fa3b1e3d17594757\COMCTL32.dll
0x000007fefd7a0000 - 0x000007fefd83f000 	C:\Windows\system32\msvcrt.dll
0x000007fefebd0000 - 0x000007fefec37000 	C:\Windows\system32\GDI32.dll
0x00000000773a0000 - 0x000000007749a000 	C:\Windows\system32\USER32.dll
0x000007feff6b0000 - 0x000007feff6be000 	C:\Windows\system32\LPK.dll
0x000007fefec40000 - 0x000007fefed0a000 	C:\Windows\system32\USP10.dll
0x000007feff420000 - 0x000007feff491000 	C:\Windows\system32\SHLWAPI.dll
0x000007fef8220000 - 0x000007fef8239000 	c:\Users\new\.vscode\extensions\redhat.java-1.15.0-win32-x64\jre\17.0.6-win32-x86_64\bin\VCRUNTIME140.dll
0x000007fef81f0000 - 0x000007fef81f4000 	c:\Users\new\.vscode\extensions\redhat.java-1.15.0-win32-x64\jre\17.0.6-win32-x86_64\bin\api-ms-win-crt-runtime-l1-1-0.dll
0x000007febfc80000 - 0x000007febfd7a000 	c:\Users\new\.vscode\extensions\redhat.java-1.15.0-win32-x64\jre\17.0.6-win32-x86_64\bin\ucrtbase.DLL
0x000007fef8290000 - 0x000007fef8293000 	c:\Users\new\.vscode\extensions\redhat.java-1.15.0-win32-x64\jre\17.0.6-win32-x86_64\bin\api-ms-win-core-localization-l1-2-0.dll
0x000007fef81d0000 - 0x000007fef81d3000 	c:\Users\new\.vscode\extensions\redhat.java-1.15.0-win32-x64\jre\17.0.6-win32-x86_64\bin\api-ms-win-core-processthreads-l1-1-1.dll
0x000007fef81e0000 - 0x000007fef81e3000 	c:\Users\new\.vscode\extensions\redhat.java-1.15.0-win32-x64\jre\17.0.6-win32-x86_64\bin\api-ms-win-core-file-l1-2-0.dll
0x000007fef80e0000 - 0x000007fef80e3000 	c:\Users\new\.vscode\extensions\redhat.java-1.15.0-win32-x64\jre\17.0.6-win32-x86_64\bin\api-ms-win-core-timezone-l1-1-0.dll
0x000007fef80f0000 - 0x000007fef80f3000 	c:\Users\new\.vscode\extensions\redhat.java-1.15.0-win32-x64\jre\17.0.6-win32-x86_64\bin\api-ms-win-core-file-l2-1-0.dll
0x000007fef8040000 - 0x000007fef8043000 	c:\Users\new\.vscode\extensions\redhat.java-1.15.0-win32-x64\jre\17.0.6-win32-x86_64\bin\api-ms-win-core-synch-l1-2-0.dll
0x000007fef80d0000 - 0x000007fef80d3000 	c:\Users\new\.vscode\extensions\redhat.java-1.15.0-win32-x64\jre\17.0.6-win32-x86_64\bin\api-ms-win-crt-heap-l1-1-0.dll
0x000007fef8020000 - 0x000007fef8024000 	c:\Users\new\.vscode\extensions\redhat.java-1.15.0-win32-x64\jre\17.0.6-win32-x86_64\bin\api-ms-win-crt-string-l1-1-0.dll
0x000007fef8030000 - 0x000007fef8034000 	c:\Users\new\.vscode\extensions\redhat.java-1.15.0-win32-x64\jre\17.0.6-win32-x86_64\bin\api-ms-win-crt-stdio-l1-1-0.dll
0x000007fef62b0000 - 0x000007fef62b4000 	c:\Users\new\.vscode\extensions\redhat.java-1.15.0-win32-x64\jre\17.0.6-win32-x86_64\bin\api-ms-win-crt-convert-l1-1-0.dll
0x000007fef8010000 - 0x000007fef8013000 	c:\Users\new\.vscode\extensions\redhat.java-1.15.0-win32-x64\jre\17.0.6-win32-x86_64\bin\api-ms-win-crt-environment-l1-1-0.dll
0x000007fef6290000 - 0x000007fef6293000 	c:\Users\new\.vscode\extensions\redhat.java-1.15.0-win32-x64\jre\17.0.6-win32-x86_64\bin\api-ms-win-crt-filesystem-l1-1-0.dll
0x000007fef62a0000 - 0x000007fef62a5000 	c:\Users\new\.vscode\extensions\redhat.java-1.15.0-win32-x64\jre\17.0.6-win32-x86_64\bin\api-ms-win-crt-math-l1-1-0.dll
0x000007fef6280000 - 0x000007fef6283000 	c:\Users\new\.vscode\extensions\redhat.java-1.15.0-win32-x64\jre\17.0.6-win32-x86_64\bin\api-ms-win-crt-locale-l1-1-0.dll
0x000007feff780000 - 0x000007feff7ae000 	C:\Windows\system32\IMM32.DLL
0x000007fefeac0000 - 0x000007fefebc9000 	C:\Windows\system32\MSCTF.dll
0x000007fefd110000 - 0x000007fefd140000 	C:\Windows\system32\nvinitx.dll
0x000007fefd100000 - 0x000007fefd10c000 	C:\Windows\system32\VERSION.dll
0x000007fefd590000 - 0x000007fefd66b000 	C:\Windows\system32\ADVAPI32.dll
0x000007fefe5d0000 - 0x000007fefe5ef000 	C:\Windows\SYSTEM32\sechost.dll
0x000007fefd670000 - 0x000007fefd79d000 	C:\Windows\system32\RPCRT4.dll
0x0000000073a90000 - 0x0000000073a96000 	C:\Program Files\NVIDIA Corporation\CoProcManager\detoured.dll
0x000007fefac30000 - 0x000007fefac68000 	C:\Program Files\NVIDIA Corporation\CoProcManager\nvd3d9wrapx.dll
0x000007fefe600000 - 0x000007fefe7d7000 	C:\Windows\system32\SETUPAPI.dll
0x000007fefd4b0000 - 0x000007fefd4e6000 	C:\Windows\system32\CFGMGR32.dll
0x000007feff0d0000 - 0x000007feff1aa000 	C:\Windows\system32\OLEAUT32.dll
0x000007feff4a0000 - 0x000007feff6a3000 	C:\Windows\system32\ole32.dll
0x000007fefd560000 - 0x000007fefd57a000 	C:\Windows\system32\DEVOBJ.dll
0x000007fefac00000 - 0x000007fefac24000 	C:\Program Files\NVIDIA Corporation\CoProcManager\nvdxgiwrapx.dll
0x000007fef6250000 - 0x000007fef625c000 	c:\Users\new\.vscode\extensions\redhat.java-1.15.0-win32-x64\jre\17.0.6-win32-x86_64\bin\vcruntime140_1.dll
0x000007febfde0000 - 0x000007febfe71000 	c:\Users\new\.vscode\extensions\redhat.java-1.15.0-win32-x64\jre\17.0.6-win32-x86_64\bin\msvcp140.dll
0x000007fef6260000 - 0x000007fef6263000 	c:\Users\new\.vscode\extensions\redhat.java-1.15.0-win32-x64\jre\17.0.6-win32-x86_64\bin\api-ms-win-crt-time-l1-1-0.dll
0x000007fef6160000 - 0x000007fef6163000 	c:\Users\new\.vscode\extensions\redhat.java-1.15.0-win32-x64\jre\17.0.6-win32-x86_64\bin\api-ms-win-crt-utility-l1-1-0.dll
0x000007febb130000 - 0x000007febbd77000 	c:\Users\new\.vscode\extensions\redhat.java-1.15.0-win32-x64\jre\17.0.6-win32-x86_64\bin\server\jvm.dll
0x000007fef8a00000 - 0x000007fef8a09000 	C:\Windows\system32\WSOCK32.dll
0x000007fefed10000 - 0x000007fefed5d000 	C:\Windows\system32\WS2_32.dll
0x000007fefe5f0000 - 0x000007fefe5f8000 	C:\Windows\system32\NSI.dll
0x000007fef9f10000 - 0x000007fef9f4b000 	C:\Windows\system32\WINMM.dll
0x000007fef6150000 - 0x000007fef615a000 	c:\Users\new\.vscode\extensions\redhat.java-1.15.0-win32-x64\jre\17.0.6-win32-x86_64\bin\jimage.dll
0x000007fef9af0000 - 0x000007fef9c15000 	C:\Windows\system32\DBGHELP.DLL
0x000007fef6110000 - 0x000007fef6135000 	c:\Users\new\.vscode\extensions\redhat.java-1.15.0-win32-x64\jre\17.0.6-win32-x86_64\bin\java.dll
0x000007fef60d0000 - 0x000007fef60e8000 	c:\Users\new\.vscode\extensions\redhat.java-1.15.0-win32-x64\jre\17.0.6-win32-x86_64\bin\zip.dll
0x000007fefd840000 - 0x000007fefe5c9000 	C:\Windows\system32\SHELL32.dll
0x000007fefd1e0000 - 0x000007fefd1ef000 	C:\Windows\system32\profapi.dll
0x000007fef60f0000 - 0x000007fef6109000 	C:\Users\new\.vscode\extensions\redhat.java-1.15.0-win32-x64\jre\17.0.6-win32-x86_64\bin\net.dll
0x000007fef2610000 - 0x000007fef2681000 	C:\Windows\system32\WINHTTP.dll
0x000007fef25a0000 - 0x000007fef2605000 	C:\Windows\system32\webio.dll
0x000007fefc930000 - 0x000007fefc985000 	C:\Windows\system32\mswsock.dll
0x000007fefc920000 - 0x000007fefc927000 	C:\Windows\System32\wship6.dll
0x000007feefbb0000 - 0x000007feefbc5000 	C:\Users\new\.vscode\extensions\redhat.java-1.15.0-win32-x64\jre\17.0.6-win32-x86_64\bin\nio.dll
0x000007fefc990000 - 0x000007fefc9a8000 	C:\Windows\system32\CRYPTSP.dll
0x000007fefc690000 - 0x000007fefc6d7000 	C:\Windows\system32\rsaenh.dll
0x000007fefd310000 - 0x000007fefd32e000 	C:\Windows\system32\USERENV.dll
0x000007fefcff0000 - 0x000007fefcfff000 	C:\Windows\system32\CRYPTBASE.dll
0x000007fef9730000 - 0x000007fef9757000 	C:\Windows\system32\IPHLPAPI.DLL
0x000007fef9720000 - 0x000007fef972b000 	C:\Windows\system32\WINNSI.DLL
0x000007fef94d0000 - 0x000007fef94e1000 	C:\Windows\system32\dhcpcsvc6.DLL
0x000007fef94b0000 - 0x000007fef94c8000 	C:\Windows\system32\dhcpcsvc.DLL
0x000007fef56e0000 - 0x000007fef56f0000 	c:\Users\new\.vscode\extensions\redhat.java-1.15.0-win32-x64\jre\17.0.6-win32-x86_64\bin\verify.dll
0x000007fef56d0000 - 0x000007fef56d9000 	C:\Users\new\.vscode\extensions\redhat.java-1.15.0-win32-x64\jre\17.0.6-win32-x86_64\bin\management.dll
0x000007fef56c0000 - 0x000007fef56cb000 	C:\Users\new\.vscode\extensions\redhat.java-1.15.0-win32-x64\jre\17.0.6-win32-x86_64\bin\management_ext.dll
0x0000000077670000 - 0x0000000077677000 	C:\Windows\system32\PSAPI.DLL
0x000007fef5700000 - 0x000007fef570e000 	C:\Users\new\.vscode\extensions\redhat.java-1.15.0-win32-x64\jre\17.0.6-win32-x86_64\bin\sunmscapi.dll
0x000000001cff0000 - 0x000000001d15d000 	C:\Windows\system32\CRYPT32.dll
0x000007fefd1d0000 - 0x000007fefd1df000 	C:\Windows\system32\MSASN1.dll
0x000007fefcb10000 - 0x000007fefcb60000 	C:\Windows\system32\ncrypt.dll
0x000007fefcae0000 - 0x000007fefcb02000 	C:\Windows\system32\bcrypt.dll
0x000007fefc200000 - 0x000007fefc207000 	C:\Windows\System32\wshtcpip.dll
0x000007fefc7b0000 - 0x000007fefc80b000 	C:\Windows\system32\DNSAPI.dll
0x000007fefb1e0000 - 0x000007fefb1e8000 	C:\Windows\system32\rasadhlp.dll
0x000007fef95d0000 - 0x000007fef9623000 	C:\Windows\System32\fwpuclnt.dll
0x000007fefcf90000 - 0x000007fefcfe7000 	C:\Windows\system32\apphelp.dll

dbghelp: loaded successfully - version: 4.0.5 - missing functions: none
symbol engine: initialized successfully - sym options: 0x614 - pdb path: .;c:\Users\new\.vscode\extensions\redhat.java-1.15.0-win32-x64\jre\17.0.6-win32-x86_64\bin;C:\Windows\SYSTEM32;C:\Program Files\AVAST Software\Avast;C:\Windows\WinSxS\amd64_microsoft.windows.common-controls_6595b64144ccf1df_6.0.7601.18837_none_fa3b1e3d17594757;C:\Program Files\NVIDIA Corporation\CoProcManager;c:\Users\new\.vscode\extensions\redhat.java-1.15.0-win32-x64\jre\17.0.6-win32-x86_64\bin\server

VM Arguments:
jvm_args: -XX:+HeapDumpOnOutOfMemoryError -Xmx1024m -Dsts.lsp.client=vscode -Dsts.log.file=/dev/null -XX:TieredStopAtLevel=1 -Xlog:jni+resolve=off -Dspring.config.location=file:c:\Users\new\.vscode\extensions\vmware.vscode-spring-boot-1.51.0\language-server\BOOT-INF\classes\application.properties 
java_command: org.springframework.ide.vscode.boot.app.BootLanguageServerBootApp
java_class_path (initial): c:\Users\new\.vscode\extensions\vmware.vscode-spring-boot-1.51.0\language-server\BOOT-INF\classes;c:\Users\new\.vscode\extensions\vmware.vscode-spring-boot-1.51.0\language-server\BOOT-INF\lib\annotations-24.1.0.jar;c:\Users\new\.vscode\extensions\vmware.vscode-spring-boot-1.51.0\language-server\BOOT-INF\lib\antlr-runtime-3.5.3.jar;c:\Users\new\.vscode\extensions\vmware.vscode-spring-boot-1.51.0\language-server\BOOT-INF\lib\antlr4-4.11.1.jar;c:\Users\new\.vscode\extensions\vmware.vscode-spring-boot-1.51.0\language-server\BOOT-INF\lib\antlr4-runtime-4.11.1.jar;c:\Users\new\.vscode\extensions\vmware.vscode-spring-boot-1.51.0\language-server\BOOT-INF\lib\asm-9.6.jar;c:\Users\new\.vscode\extensions\vmware.vscode-spring-boot-1.51.0\language-server\BOOT-INF\lib\asm-analysis-9.6.jar;c:\Users\new\.vscode\extensions\vmware.vscode-spring-boot-1.51.0\language-server\BOOT-INF\lib\asm-tree-9.6.jar;c:\Users\new\.vscode\extensions\vmware.vscode-spring-boot-1.51.0\language-server\BOOT-INF\lib\asm-util-9.6.jar;c:\Users\new\.vscode\extensions\vmware.vscode-spring-boot-1.51.0\language-server\BOOT-INF\lib\bosh-language-server-1.51.0-SNAPSHOT.jar;c:\Users\new\.vscode\extensions\vmware.vscode-spring-boot-1.51.0\language-server\BOOT-INF\lib\caffeine-3.1.8.jar;c:\Users\new\.vscode\extensions\vmware.vscode-spring-boot-1.51.0\language-server\BOOT-INF\lib\checker-qual-3.12.0.jar;c:\Users\new\.vscode\extensions\vmware.vscode-spring-boot-1.51.0\language-server\BOOT-INF\lib\classgraph-4.8.149.jar;c:\Users\new\.vscode\extensions\vmware.vscode-spring-boot-1.51.0\language-server\BOOT-INF\lib\commons-codec-1.15.jar;c:\Users\new\.vscode\extensions\vmware.vscode-spring-boot-1.51.0\language-server\BOOT-INF\lib\commons-compress-1.25.0.jar;c:\Users\new\.vscode\extensions\vmware.vscode-spring-boot-1.51.0\language-server\BOOT-INF\lib\commons-io-2.4.jar;c:\Users\new\.vscode\extensions\vmware.vscode-spring-boot-1.51.0\language-server\BOOT-INF\lib\commons-java-1.51.0-SNAPSHOT.jar;c
Launcher Type: SUN_STANDARD

[Global flags]
     intx CICompilerCount                          = 3                                         {product} {ergonomic}
     uint ConcGCThreads                            = 1                                         {product} {ergonomic}
     uint G1ConcRefinementThreads                  = 4                                         {product} {ergonomic}
   size_t G1HeapRegionSize                         = 1048576                                   {product} {ergonomic}
    uintx GCDrainStackTargetSize                   = 64                                        {product} {ergonomic}
     bool HeapDumpOnOutOfMemoryError               = true                                   {manageable} {command line}
   size_t InitialHeapSize                          = 134217728                                 {product} {ergonomic}
   size_t MarkStackSize                            = 4194304                                   {product} {ergonomic}
   size_t MaxHeapSize                              = 1073741824                                {product} {command line}
   size_t MaxNewSize                               = 643825664                                 {product} {ergonomic}
   size_t MinHeapDeltaBytes                        = 1048576                                   {product} {ergonomic}
   size_t MinHeapSize                              = 8388608                                   {product} {ergonomic}
    uintx NonProfiledCodeHeapSize                  = 0                                      {pd product} {ergonomic}
     bool ProfileInterpreter                       = false                                  {pd product} {command line}
    uintx ProfiledCodeHeapSize                     = 0                                      {pd product} {ergonomic}
   size_t SoftMaxHeapSize                          = 1073741824                             {manageable} {ergonomic}
     intx TieredStopAtLevel                        = 1                                         {product} {command line}
     bool UseCompressedClassPointers               = true                           {product lp64_product} {ergonomic}
     bool UseCompressedOops                        = true                           {product lp64_product} {ergonomic}
     bool UseG1GC                                  = true                                      {product} {ergonomic}
     bool UseLargePagesIndividualAllocation        = false                                  {pd product} {ergonomic}

Logging:
Log output configuration:
 #0: stdout all=warning,jni+resolve=off uptime,level,tags
 #1: stderr all=off uptime,level,tags

Environment Variables:
JAVA_HOME=E:\yat\java\jdk15.0.1
CLASSPATH=E:\yat\java\jdk15.0.1\bin;E:\yat\java\jdk15.0.1\bin;E:\Downloads\apache-tomcat-7.0.109-windows-x64\apache-tomcat-7.0.109\lib;E:/yat/intellij/IntelliJ IDEA Community Edition 2020.2.3/plugins/maven/lib/maven3\bin
PATH=D:\cmdddd;C:\Users\new\AppData\Local\Programs\Python\Python38\Scripts\;C:\Users\new\AppData\Local\Programs\Python\Python38\;C:\intelFPGA\18.0\modelsim_ase\win32aloem;C:\Users\new\AppData\Roaming\Composer\vendor\bin;C:\Program Files\heroku\bin;C:\Users\new\AppData\Roaming\npm;C:\Users\new\AppData\Local\Programs\Microsoft VS Code\bin;C:\Program Files\JetBrains\PyCharm Community Edition 2019.3.3\bin;C:\WebDriver\bin";C:\Program Files\MongoDB\Server\4.2\bin;C:\Program Files\nodejs;C:\Windows\System32;C:\Users\new\AppData\Roaming\Python\Python38\Scripts;C:\Users\new\Downloads\opencv\build\x64\vc15\bin;C:\Users\new\.android;C:\Program Files\nodejs\node.exe;D:\Download\php\php.exe;C:\php\php.exe;C:\php;D:\CMP4th_2ndTerm\Compiler\project\Project Material;C:\Users\new\.gradle\wrapper\dists\gradle-5.4.1-all\3221gyojl5jsh0helicew7rwx\gradle-5.4.1\samples\native-binaries\google-test\libs\googleTest\1.7.0\lib;C:\Users\new\.gradle\wrapper\dists\gradle-7.2-all\260hg96vuh6ex27h9vo47iv4d\gradle-7.2\src\platform-native\org\gradle\nativeplatform\toolchain\internal\gcc;C:\MinGW\bin;C:\MinGW\lib\gcc\mingw32\6.3.0;C:\MinGW\mingw32\bin;C:\node64;C:\node64\node_modules\npm;C:\Program Files\nodejs\;C:\Users\new\AppData\Roaming\Python\Python38\Scripts;C:\Users\new\AppData\Roaming\Python\Python38\site-packages;C:\Program Files\Git\cmd;C:\Users\new\AppData\Local\Programs\Python\Python38\Scripts;E:\Anaconda\Scripts;E:\Anaconda;C:\Users\new\AppData\Local\Programs\Eclipse Adoptium\jdk-17.0.11.9-hotspot\bin;E:\compiler\Flex Windows\Lex\bin;E:\compiler\Flex Windows\bison\bin;C:\Users\new\AppData\Local\Programs\Microsoft VS Code\bin;C:\MinGW\bin;C:\MinGW\lib\gcc\mingw32\6.3.0;C:\MinGW\mingw32\bin;C:\node64;C:\node64\node_modules\npm;C:\Users\new\AppData\Roaming\npm;C:\Users\new\AppData\Roaming\Python\Python38\Scripts;C:\Users\new\AppData\Roaming\Python\Python38\site-packages;E:\Docker\Docker_Toolbox;E:\Docker\Docker_Toolbox;C:\Users\new\AppData\Local\Programs\Python\Python38\Scripts;E:\Anaconda\Sc
USERNAME=new
OS=Windows_NT
PROCESSOR_IDENTIFIER=Intel64 Family 6 Model 69 Stepping 1, GenuineIntel
TMP=C:\Users\new\AppData\Local\Temp
TEMP=C:\Users\new\AppData\Local\Temp



---------------  S Y S T E M  ---------------

OS:
 Windows 7 , 64 bit Build 7601 (6.1.7601.23572)
OS uptime: 3 days 20:04 hours

CPU: total 4 (initial active 4) (2 cores per cpu, 2 threads per core) family 6 model 69 stepping 1 microcode 0x0, cx8, cmov, fxsr, ht, mmx, sse, sse2, sse3, ssse3, sse4.1, sse4.2, popcnt, lzcnt, tsc, tscinvbit, avx, avx2, aes, erms, clmul, bmi1, bmi2, fma, vzeroupper, clflush

Memory: 4k page, system-wide physical 8095M (1079M free)
TotalPageFile size 17022M (AvailPageFile size 229M)
current process WorkingSet (physical memory assigned to process): 206M, peak: 228M
current process commit charge ("private bytes"): 261M, peak: 266M

vm_info: OpenJDK 64-Bit Server VM (17.0.6+10) for windows-amd64 JRE (17.0.6+10), built on Jan 18 2023 10:08:59 by "temurin" with MS VC++ 16.7 (VS2019)

END.
